<?xml version="1.0" encoding="utf-8"?><testsuites name="pytest tests"><testsuite name="pytest" errors="0" failures="0" skipped="0" tests="20" time="7.268" timestamp="2026-06-07T13:31:11.016793+00:00" hostname="agent-env-758ff090-6ff1-4272-96e1-a5497ebdacec"><testcase classname="backend.tests.test_admin_and_change_password.TestSeedAccountsAndForcedPasswordChange" name="test_admin_login_returns_must_change_password" time="0.398" /><testcase classname="backend.tests.test_admin_and_change_password.TestSeedAccountsAndForcedPasswordChange" name="test_sage1_login_must_change_password" time="0.314" /><testcase classname="backend.tests.test_admin_and_change_password.TestSeedAccountsAndForcedPasswordChange" name="test_forced_change_password_no_current_required" time="1.179" /><testcase classname="backend.tests.test_admin_and_change_password.TestPageviewTracking" name="test_pageview_anonymous_no_auth" time="0.048" /><testcase classname="backend.tests.test_admin_and_change_password.TestPageviewTracking" name="test_pageview_invalid_payload" time="0.045" /><testcase classname="backend.tests.test_admin_and_change_password.TestAdminGuards" name="test_stats_requires_admin_sage_403" time="0.409" /><testcase classname="backend.tests.test_admin_and_change_password.TestAdminGuards" name="test_stats_no_auth" time="0.045" /><testcase classname="backend.tests.test_admin_and_change_password.TestAdminStats" name="test_admin_stats_shape" time="0.381" /><testcase classname="backend.tests.test_admin_and_change_password.TestAdminUsers" name="test_list_users" time="0.060" /><testcase classname="backend.tests.test_admin_and_change_password.TestAdminUsers" name="test_search_users_by_email" time="0.049" /><testcase classname="backend.tests.test_admin_and_change_password.TestAdminUsers" name="test_filter_users_by_tier" time="0.050" /><testcase classname="backend.tests.test_admin_and_change_password.TestAdminUsers" name="test_user_detail_includes_progress_and_payments" time="0.100" /><testcase classname="backend.tests.test_admin_and_change_password.TestAdminUsers" name="test_patch_user_tier_and_revert" time="0.159" /><testcase classname="backend.tests.test_admin_and_change_password.TestAdminUsers" name="test_patch_user_set_new_password_forces_change" time="0.868" /><testcase classname="backend.tests.test_admin_and_change_password.TestAdminUsers" name="test_admin_cannot_delete_self" time="0.099" /><testcase classname="backend.tests.test_admin_and_change_password.TestAdminSales" name="test_admin_sales_shape" time="0.063" /><testcase classname="backend.tests.test_admin_and_change_password.TestAdminTraffic" name="test_admin_traffic_aggregation" time="0.117" /><testcase classname="backend.tests.test_admin_and_change_password.TestRegression" name="test_auth_me_legacy_user" time="0.315" /><testcase classname="backend.tests.test_admin_and_change_password.TestRegression" name="test_progress_legacy_user" time="0.325" /><testcase classname="backend.tests.test_admin_and_change_password.TestRegression" name="test_billing_info_still_ok" time="2.221" /></testsuite></testsuites>