<?xml version="1.0" encoding="utf-8"?><testsuites name="pytest tests"><testsuite name="pytest" errors="0" failures="0" skipped="0" tests="72" time="25.866" timestamp="2026-06-07T14:09:42.731801+00:00" hostname="agent-env-758ff090-6ff1-4272-96e1-a5497ebdacec"><testcase classname="tests.test_admin_and_change_password.TestSeedAccountsAndForcedPasswordChange" name="test_admin_login_returns_must_change_password" time="0.427" /><testcase classname="tests.test_admin_and_change_password.TestSeedAccountsAndForcedPasswordChange" name="test_sage1_login_must_change_password" time="0.329" /><testcase classname="tests.test_admin_and_change_password.TestSeedAccountsAndForcedPasswordChange" name="test_forced_change_password_no_current_required" time="1.196" /><testcase classname="tests.test_admin_and_change_password.TestPageviewTracking" name="test_pageview_anonymous_no_auth" time="0.053" /><testcase classname="tests.test_admin_and_change_password.TestPageviewTracking" name="test_pageview_invalid_payload" time="0.047" /><testcase classname="tests.test_admin_and_change_password.TestAdminGuards" name="test_stats_requires_admin_sage_403" time="0.382" /><testcase classname="tests.test_admin_and_change_password.TestAdminGuards" name="test_stats_no_auth" time="0.047" /><testcase classname="tests.test_admin_and_change_password.TestAdminStats" name="test_admin_stats_shape" time="0.390" /><testcase classname="tests.test_admin_and_change_password.TestAdminUsers" name="test_list_users" time="0.058" /><testcase classname="tests.test_admin_and_change_password.TestAdminUsers" name="test_search_users_by_email" time="0.051" /><testcase classname="tests.test_admin_and_change_password.TestAdminUsers" name="test_filter_users_by_tier" time="0.064" /><testcase classname="tests.test_admin_and_change_password.TestAdminUsers" name="test_user_detail_includes_progress_and_payments" time="0.107" /><testcase classname="tests.test_admin_and_change_password.TestAdminUsers" name="test_patch_user_tier_and_revert" time="0.151" /><testcase classname="tests.test_admin_and_change_password.TestAdminUsers" name="test_patch_user_set_new_password_forces_change" time="0.905" /><testcase classname="tests.test_admin_and_change_password.TestAdminUsers" name="test_admin_cannot_delete_self" time="0.099" /><testcase classname="tests.test_admin_and_change_password.TestAdminSales" name="test_admin_sales_shape" time="0.049" /><testcase classname="tests.test_admin_and_change_password.TestAdminTraffic" name="test_admin_traffic_aggregation" time="0.104" /><testcase classname="tests.test_admin_and_change_password.TestRegression" name="test_auth_me_legacy_user" time="0.332" /><testcase classname="tests.test_admin_and_change_password.TestRegression" name="test_progress_legacy_user" time="0.324" /><testcase classname="tests.test_admin_and_change_password.TestRegression" name="test_billing_info_still_ok" time="2.246" /><testcase classname="tests.test_backend_api.TestHealth" name="test_root" time="0.044" /><testcase classname="tests.test_backend_api.TestAuth" name="test_signup_returns_token" time="0.278" /><testcase classname="tests.test_backend_api.TestAuth" name="test_signup_duplicate" time="0.329" /><testcase classname="tests.test_backend_api.TestAuth" name="test_login_valid" time="0.270" /><testcase classname="tests.test_backend_api.TestAuth" name="test_login_invalid" time="0.328" /><testcase classname="tests.test_backend_api.TestAuth" name="test_me_with_token" time="0.063" /><testcase classname="tests.test_backend_api.TestAuth" name="test_me_without_token" time="0.046" /><testcase classname="tests.test_backend_api.TestCurriculum" name="test_paths_list" time="0.047" /><testcase classname="tests.test_backend_api.TestCurriculum" name="test_path_detail_fundamentals" time="0.045" /><testcase classname="tests.test_backend_api.TestCurriculum" name="test_path_not_found" time="0.045" /><testcase classname="tests.test_backend_api.TestCurriculum" name="test_lesson_detail_tier_gated" time="0.049" /><testcase classname="tests.test_backend_api.TestCurriculum" name="test_models_list" time="0.052" /><testcase classname="tests.test_backend_api.TestProgress" name="test_initial_progress_has_level_fields" time="0.326" /><testcase classname="tests.test_backend_api.TestProgress" name="test_complete_lesson_returns_awarded_xp" time="0.103" /><testcase classname="tests.test_backend_api.TestProgress" name="test_complete_lesson_invalid_id" time="0.045" /><testcase classname="tests.test_backend_api.TestQuiz" name="test_quiz_business_beginner_returns_fundamentals" time="0.051" /><testcase classname="tests.test_backend_api.TestQuiz" name="test_quiz_advanced_agents_returns_automation" time="0.055" /><testcase classname="tests.test_backend_api.TestQuiz" name="test_quiz_persists_on_me" time="0.107" /><testcase classname="tests.test_backend_api.TestQuiz" name="test_quiz_requires_auth" time="0.047" /><testcase classname="tests.test_backend_api.TestCertificates" name="test_complete_fundamentals_issues_certificate" time="0.585" /><testcase classname="tests.test_backend_api.TestCertificates" name="test_other_users_cert_404" time="0.050" /><testcase classname="tests.test_backend_api.TestCertificates" name="test_certificates_requires_auth" time="0.053" /><testcase classname="tests.test_backend_api.TestTutor" name="test_tutor_chat_basic" time="2.302" /><testcase classname="tests.test_backend_api.TestTutor" name="test_tutor_requires_auth" time="0.043" /><testcase classname="tests.test_backend_api.TestPricing" name="test_pricing_tiers" time="0.052" /><testcase classname="tests.test_backend_api.TestBilling" name="test_checkout_creates_session[ascender-monthly]" time="0.411" /><testcase classname="tests.test_backend_api.TestBilling" name="test_checkout_creates_session[pathfinder-annual]" time="0.463" /><testcase classname="tests.test_backend_api.TestBilling" name="test_checkout_creates_session[sage-trial]" time="0.356" /><testcase classname="tests.test_backend_api.TestBilling" name="test_checkout_invalid_tier" time="0.050" /><testcase classname="tests.test_backend_api.TestBilling" name="test_checkout_requires_auth" time="0.045" /><testcase classname="tests.test_backend_api.TestBilling" name="test_billing_info_uses_real_stripe_false" time="0.047" /><testcase classname="tests.test_backend_api.TestBilling" name="test_subscribe_returns_501_without_real_key" time="0.047" /><testcase classname="tests.test_backend_api.TestBilling" name="test_portal_returns_501_without_real_key" time="0.047" /><testcase classname="tests.test_password_reset_and_invite.TestForgotPassword" name="test_forgot_password_valid_email_returns_200_and_creates_row" time="1.442" /><testcase classname="tests.test_password_reset_and_invite.TestForgotPassword" name="test_forgot_password_nonexistent_email_returns_200_no_row" time="0.103" /><testcase classname="tests.test_password_reset_and_invite.TestResetPassword" name="test_reset_password_bad_token_returns_400" time="0.102" /><testcase classname="tests.test_password_reset_and_invite.TestResetPassword" name="test_reset_password_valid_token_updates_password" time="0.959" /><testcase classname="tests.test_password_reset_and_invite.TestResetPassword" name="test_reset_password_token_reuse_returns_400" time="0.103" /><testcase classname="tests.test_password_reset_and_invite.TestAdminResendInvite" name="test_resend_invite_by_non_admin_returns_403" time="0.532" /><testcase classname="tests.test_password_reset_and_invite.TestAdminResendInvite" name="test_resend_invite_unauthenticated_returns_401_or_403" time="0.100" /><testcase classname="tests.test_password_reset_and_invite.TestAdminResendInvite" name="test_resend_invite_unknown_user_returns_404" time="0.452" /><testcase classname="tests.test_password_reset_and_invite.TestAdminResendInvite" name="test_resend_invite_by_admin_returns_temp_password_and_works" time="0.836" /><testcase classname="tests.test_password_reset_and_invite.TestRegression" name="test_login_legacy_user" time="0.323" /><testcase classname="tests.test_password_reset_and_invite.TestRegression" name="test_me" time="0.650" /><testcase classname="tests.test_password_reset_and_invite.TestRegression" name="test_progress" time="0.428" /><testcase classname="tests.test_password_reset_and_invite.TestRegression" name="test_certificates" time="0.444" /><testcase classname="tests.test_password_reset_and_invite.TestRegression" name="test_admin_stats" time="0.114" /><testcase classname="tests.test_password_reset_and_invite.TestRegression" name="test_admin_users" time="0.108" /><testcase classname="tests.test_password_reset_and_invite.TestRegression" name="test_billing_checkout" time="0.979" /><testcase classname="tests.test_password_reset_and_invite.TestRegression" name="test_track_pageview" time="0.100" /><testcase classname="tests.test_password_reset_and_invite.TestRegression" name="test_tutor_chat" time="2.194" /><testcase classname="tests.test_password_reset_and_invite.TestRegression" name="test_change_password_self_service" time="1.484" /></testsuite></testsuites>