<?xml version="1.0" encoding="utf-8"?><testsuites name="pytest tests"><testsuite name="pytest" errors="0" failures="0" skipped="0" tests="19" time="10.547" timestamp="2026-06-07T14:09:21.257685+00:00" hostname="agent-env-758ff090-6ff1-4272-96e1-a5497ebdacec"><testcase classname="tests.test_password_reset_and_invite.TestForgotPassword" name="test_forgot_password_valid_email_returns_200_and_creates_row" time="0.762" /><testcase classname="tests.test_password_reset_and_invite.TestForgotPassword" name="test_forgot_password_nonexistent_email_returns_200_no_row" time="0.112" /><testcase classname="tests.test_password_reset_and_invite.TestResetPassword" name="test_reset_password_bad_token_returns_400" time="0.109" /><testcase classname="tests.test_password_reset_and_invite.TestResetPassword" name="test_reset_password_valid_token_updates_password" time="0.925" /><testcase classname="tests.test_password_reset_and_invite.TestResetPassword" name="test_reset_password_token_reuse_returns_400" time="0.098" /><testcase classname="tests.test_password_reset_and_invite.TestAdminResendInvite" name="test_resend_invite_by_non_admin_returns_403" time="0.452" /><testcase classname="tests.test_password_reset_and_invite.TestAdminResendInvite" name="test_resend_invite_unauthenticated_returns_401_or_403" time="0.113" /><testcase classname="tests.test_password_reset_and_invite.TestAdminResendInvite" name="test_resend_invite_unknown_user_returns_404" time="0.443" /><testcase classname="tests.test_password_reset_and_invite.TestAdminResendInvite" name="test_resend_invite_by_admin_returns_temp_password_and_works" time="0.814" /><testcase classname="tests.test_password_reset_and_invite.TestRegression" name="test_login_legacy_user" time="0.327" /><testcase classname="tests.test_password_reset_and_invite.TestRegression" name="test_me" time="0.438" /><testcase classname="tests.test_password_reset_and_invite.TestRegression" name="test_progress" time="0.488" /><testcase classname="tests.test_password_reset_and_invite.TestRegression" name="test_certificates" time="0.471" /><testcase classname="tests.test_password_reset_and_invite.TestRegression" name="test_admin_stats" time="0.112" /><testcase classname="tests.test_password_reset_and_invite.TestRegression" name="test_admin_users" time="0.183" /><testcase classname="tests.test_password_reset_and_invite.TestRegression" name="test_billing_checkout" time="0.905" /><testcase classname="tests.test_password_reset_and_invite.TestRegression" name="test_track_pageview" time="0.105" /><testcase classname="tests.test_password_reset_and_invite.TestRegression" name="test_tutor_chat" time="2.089" /><testcase classname="tests.test_password_reset_and_invite.TestRegression" name="test_change_password_self_service" time="1.486" /></testsuite></testsuites>