<?xml version="1.0" encoding="utf-8"?><testsuites name="pytest tests"><testsuite name="pytest" errors="0" failures="0" skipped="0" tests="30" time="12.256" timestamp="2026-06-06T15:49:15.506386+00:00" hostname="agent-env-758ff090-6ff1-4272-96e1-a5497ebdacec"><testcase classname="backend.tests.test_backend_api.TestHealth" name="test_root" time="0.126" /><testcase classname="backend.tests.test_backend_api.TestAuth" name="test_signup_returns_token" time="0.283" /><testcase classname="backend.tests.test_backend_api.TestAuth" name="test_signup_duplicate" time="0.319" /><testcase classname="backend.tests.test_backend_api.TestAuth" name="test_login_valid" time="0.274" /><testcase classname="backend.tests.test_backend_api.TestAuth" name="test_login_invalid" time="0.271" /><testcase classname="backend.tests.test_backend_api.TestAuth" name="test_me_with_token" time="0.050" /><testcase classname="backend.tests.test_backend_api.TestAuth" name="test_me_without_token" time="0.045" /><testcase classname="backend.tests.test_backend_api.TestCurriculum" name="test_paths_list" time="0.047" /><testcase classname="backend.tests.test_backend_api.TestCurriculum" name="test_path_detail[fundamentals]" time="0.046" /><testcase classname="backend.tests.test_backend_api.TestCurriculum" name="test_path_detail[business]" time="0.049" /><testcase classname="backend.tests.test_backend_api.TestCurriculum" name="test_path_detail[creators]" time="0.047" /><testcase classname="backend.tests.test_backend_api.TestCurriculum" name="test_path_detail[productivity]" time="0.045" /><testcase classname="backend.tests.test_backend_api.TestCurriculum" name="test_path_not_found" time="0.056" /><testcase classname="backend.tests.test_backend_api.TestCurriculum" name="test_lesson_detail" time="0.048" /><testcase classname="backend.tests.test_backend_api.TestCurriculum" name="test_lesson_not_found" time="0.045" /><testcase classname="backend.tests.test_backend_api.TestCurriculum" name="test_models_list" time="0.047" /><testcase classname="backend.tests.test_backend_api.TestProgress" name="test_initial_progress_zero" time="0.328" /><testcase classname="backend.tests.test_backend_api.TestProgress" name="test_progress_requires_auth" time="0.044" /><testcase classname="backend.tests.test_backend_api.TestProgress" name="test_complete_lesson_idempotent" time="0.141" /><testcase classname="backend.tests.test_backend_api.TestProgress" name="test_complete_lesson_invalid_id" time="0.046" /><testcase classname="backend.tests.test_backend_api.TestTutor" name="test_tutor_chat_basic" time="2.354" /><testcase classname="backend.tests.test_backend_api.TestTutor" name="test_tutor_chat_context" time="3.888" /><testcase classname="backend.tests.test_backend_api.TestTutor" name="test_tutor_requires_auth" time="0.046" /><testcase classname="backend.tests.test_backend_api.TestTutor" name="test_tutor_persona_is_ascendra" time="1.617" /><testcase classname="backend.tests.test_backend_api.TestGoogleAuth" name="test_google_invalid_session_token" time="0.142" /><testcase classname="backend.tests.test_backend_api.TestGoogleAuth" name="test_google_missing_session_token" time="0.051" /><testcase classname="backend.tests.test_backend_api.TestPricing" name="test_pricing_tiers" time="0.046" /><testcase classname="backend.tests.test_backend_api.TestBilling" name="test_checkout_creates_session" time="1.589" /><testcase classname="backend.tests.test_backend_api.TestBilling" name="test_checkout_invalid_tier" time="0.053" /><testcase classname="backend.tests.test_backend_api.TestBilling" name="test_checkout_requires_auth" time="0.045" /></testsuite></testsuites>