<?xml version="1.0" encoding="utf-8"?><testsuites name="pytest tests"><testsuite name="pytest" errors="0" failures="1" skipped="0" tests="27" time="12.671" timestamp="2026-06-06T12:07:54.573477+00:00" hostname="agent-env-758ff090-6ff1-4272-96e1-a5497ebdacec"><testcase classname="backend.tests.test_backend_api.TestHealth" name="test_root" time="0.205" /><testcase classname="backend.tests.test_backend_api.TestAuth" name="test_signup_returns_token" time="0.274" /><testcase classname="backend.tests.test_backend_api.TestAuth" name="test_signup_duplicate" time="0.316" /><testcase classname="backend.tests.test_backend_api.TestAuth" name="test_login_valid" time="0.278" /><testcase classname="backend.tests.test_backend_api.TestAuth" name="test_login_invalid" time="0.268" /><testcase classname="backend.tests.test_backend_api.TestAuth" name="test_me_with_token" time="0.046" /><testcase classname="backend.tests.test_backend_api.TestAuth" name="test_me_without_token" time="0.044" /><testcase classname="backend.tests.test_backend_api.TestCurriculum" name="test_paths_list" time="0.047" /><testcase classname="backend.tests.test_backend_api.TestCurriculum" name="test_path_detail[fundamentals]" time="0.050" /><testcase classname="backend.tests.test_backend_api.TestCurriculum" name="test_path_detail[business]" time="0.050" /><testcase classname="backend.tests.test_backend_api.TestCurriculum" name="test_path_detail[creators]" time="0.047" /><testcase classname="backend.tests.test_backend_api.TestCurriculum" name="test_path_detail[productivity]" time="0.047" /><testcase classname="backend.tests.test_backend_api.TestCurriculum" name="test_path_not_found" time="0.057" /><testcase classname="backend.tests.test_backend_api.TestCurriculum" name="test_lesson_detail" time="0.058" /><testcase classname="backend.tests.test_backend_api.TestCurriculum" name="test_lesson_not_found" time="0.049" /><testcase classname="backend.tests.test_backend_api.TestCurriculum" name="test_models_list" time="0.066" /><testcase classname="backend.tests.test_backend_api.TestProgress" name="test_initial_progress_zero" time="0.324" /><testcase classname="backend.tests.test_backend_api.TestProgress" name="test_progress_requires_auth" time="0.042" /><testcase classname="backend.tests.test_backend_api.TestProgress" name="test_complete_lesson_idempotent" time="0.136" /><testcase classname="backend.tests.test_backend_api.TestProgress" name="test_complete_lesson_invalid_id" time="0.044" /><testcase classname="backend.tests.test_backend_api.TestTutor" name="test_tutor_chat_basic" time="2.630" /><testcase classname="backend.tests.test_backend_api.TestTutor" name="test_tutor_chat_context" time="6.555"><failure message="assert '42' in &quot;I don't have any record of you asking me to remember a number in our conversation so far. This is actually the first message you've sent me!\n\n**Key thing to know:** Each conversation with me starts fresh. I don't retain information from previous chats unless you share it again in our current conversation.\n\n---\n\n**Would you like me to remember a specific number now for the rest of this conversation?** (I can definitely do that!)&quot;">backend/tests/test_backend_api.py:187: in test_tutor_chat_context
    assert "42" in r2.json()["reply"]
E   assert '42' in "I don't have any record of you asking me to remember a number in our conversation so far. This is actually the first message you've sent me!\n\n**Key thing to know:** Each conversation with me starts fresh. I don't retain information from previous chats unless you share it again in our current conversation.\n\n---\n\n**Would you like me to remember a specific number now for the rest of this conversation?** (I can definitely do that!)"</failure></testcase><testcase classname="backend.tests.test_backend_api.TestTutor" name="test_tutor_requires_auth" time="0.049" /><testcase classname="backend.tests.test_backend_api.TestPricing" name="test_pricing_tiers" time="0.048" /><testcase classname="backend.tests.test_backend_api.TestBilling" name="test_checkout_creates_session" time="0.751" /><testcase classname="backend.tests.test_backend_api.TestBilling" name="test_checkout_invalid_tier" time="0.052" /><testcase classname="backend.tests.test_backend_api.TestBilling" name="test_checkout_requires_auth" time="0.054" /></testsuite></testsuites>